#
# There is insufficient memory for the Java Runtime Environment to continue.
# Native memory allocation (malloc) failed to allocate 1048576 bytes for AllocateHeap
# Possible reasons:
#   The system is out of physical RAM or swap space
#   The process is running with CompressedOops enabled, and the Java Heap may be blocking the growth of the native heap
# Possible solutions:
#   Reduce memory load on the system
#   Increase physical memory or swap space
#   Check if swap backing store is full
#   Decrease Java heap size (-Xmx/-Xms)
#   Decrease number of Java threads
#   Decrease Java thread stack sizes (-Xss)
#   Set larger code cache with -XX:ReservedCodeCacheSize=
#   JVM is running with Unscaled Compressed Oops mode in which the Java heap is
#     placed in the first 4GB address space. The Java Heap base address is the
#     maximum limit for the native heap growth. Please use -XX:HeapBaseMinAddress
#     to set the Java Heap base and to place the Java Heap above 4GB virtual address.
# This output file may be truncated or incomplete.
#
#  Out of Memory Error (./src/hotspot/share/memory/allocation.cpp:46), pid=3636, tid=19764
#
# JRE version:  (11.0.18+10) (build )
# Java VM: OpenJDK 64-Bit Server VM (11.0.18+10, mixed mode, sharing, tiered, compressed oops, g1 gc, windows-amd64)
# No core dump will be written. Minidumps are not enabled by default on client versions of Windows
#

---------------  S U M M A R Y ------------

Command Line: -Dfile.encoding=UTF-8 day8.Main

Host: Intel(R) Core(TM) i7-4790 CPU @ 3.60GHz, 8 cores, 15G,  Windows 11 , 64 bit Build 22000 (10.0.22000.1335)
Time: Wed Feb  8 16:14:04 2023  Windows 11 , 64 bit Build 22000 (10.0.22000.1335) elapsed time: 0.009453 seconds (0d 0h 0m 0s)

---------------  T H R E A D  ---------------

Current thread (0x0000018df8480000):  JavaThread "Unknown thread" [_thread_in_vm, id=19764, stack(0x0000004477100000,0x0000004477200000)]

Stack: [0x0000004477100000,0x0000004477200000]
Native frames: (J=compiled Java code, j=interpreted, Vv=VM code, C=native code)
V  [jvm.dll+0x64f2aa]
V  [jvm.dll+0x7e2769]
V  [jvm.dll+0x7e3e69]
V  [jvm.dll+0x7e4553]
V  [jvm.dll+0x26af95]
V  [jvm.dll+0xb8834]
V  [jvm.dll+0x2fde98]
V  [jvm.dll+0x7bb907]
V  [jvm.dll+0x7bd0df]
V  [jvm.dll+0x380c99]
V  [jvm.dll+0x79dc7f]
V  [jvm.dll+0x3f1dc7]
V  [jvm.dll+0x3f42b1]
C  [jli.dll+0x52c7]
C  [ucrtbase.dll+0x26c0c]
C  [KERNEL32.DLL+0x155a0]
C  [ntdll.dll+0x485b]


---------------  P R O C E S S  ---------------

Threads class SMR info:
_java_thread_list=0x0000018df82e4b30, length=0, elements={
}

Java Threads: ( => current thread )

Other Threads:

=>0x0000018df8480000 (exited) JavaThread "Unknown thread" [_thread_in_vm, id=19764, stack(0x0000004477100000,0x0000004477200000)]

Threads with active compile tasks:

VM state:not at safepoint (not fully initialized)

VM Mutex/Monitor currently owned by a thread: None


[error occurred during error reporting (printing compressed oops mode), id 0xc0000005, EXCEPTION_ACCESS_VIOLATION (0xc0000005) at pc=0x00007ff9226cc6f7]

GC Heap History (0 events):
No events

Deoptimization events (0 events):
No events

Classes redefined (0 events):
No events

Internal exceptions (0 events):
No events

Events (1 events):
Event: 0.006 Loaded shared library C:\Program Files\Eclipse Adoptium\jdk-11.0.18.10-hotspot\bin\zip.dll


Dynamic libraries:
0x00007ff68e8a0000 - 0x00007ff68e8ad000 	C:\Program Files\Eclipse Adoptium\jdk-11.0.18.10-hotspot\bin\javaw.exe
0x00007ff997040000 - 0x00007ff997249000 	C:\windows\SYSTEM32\ntdll.dll
0x00007ff996890000 - 0x00007ff99694e000 	C:\windows\System32\KERNEL32.DLL
0x00007ff994780000 - 0x00007ff994afb000 	C:\windows\System32\KERNELBASE.dll
0x00007ff994510000 - 0x00007ff994621000 	C:\windows\System32\ucrtbase.dll
0x00007ff97d650000 - 0x00007ff97d669000 	C:\Program Files\Eclipse Adoptium\jdk-11.0.18.10-hotspot\bin\VCRUNTIME140.dll
0x00007ff97dde0000 - 0x00007ff97ddf7000 	C:\Program Files\Eclipse Adoptium\jdk-11.0.18.10-hotspot\bin\jli.dll
0x00007ff995a90000 - 0x00007ff995c3d000 	C:\windows\System32\USER32.dll
0x00007ff982d40000 - 0x00007ff982fe5000 	C:\windows\WinSxS\amd64_microsoft.windows.common-controls_6595b64144ccf1df_6.0.22000.120_none_9d947278b86cc467\COMCTL32.dll
0x00007ff994750000 - 0x00007ff994776000 	C:\windows\System32\win32u.dll
0x00007ff996b90000 - 0x00007ff996c33000 	C:\windows\System32\msvcrt.dll
0x00007ff9955f0000 - 0x00007ff995619000 	C:\windows\System32\GDI32.dll
0x00007ff994b00000 - 0x00007ff994c18000 	C:\windows\System32\gdi32full.dll
0x00007ff9946b0000 - 0x00007ff99474d000 	C:\windows\System32\msvcp_win.dll
0x00007ff995de0000 - 0x00007ff995e12000 	C:\windows\System32\IMM32.DLL
0x00007ff9919f0000 - 0x00007ff9919fc000 	C:\Program Files\Eclipse Adoptium\jdk-11.0.18.10-hotspot\bin\vcruntime140_1.dll
0x00007ff954b70000 - 0x00007ff954c01000 	C:\Program Files\Eclipse Adoptium\jdk-11.0.18.10-hotspot\bin\msvcp140.dll
0x00007ff921f10000 - 0x00007ff922aca000 	C:\Program Files\Eclipse Adoptium\jdk-11.0.18.10-hotspot\bin\server\jvm.dll
0x00007ff996a70000 - 0x00007ff996b1e000 	C:\windows\System32\ADVAPI32.dll
0x00007ff9967c0000 - 0x00007ff99685e000 	C:\windows\System32\sechost.dll
0x00007ff996950000 - 0x00007ff996a70000 	C:\windows\System32\RPCRT4.dll
0x00007ff996f90000 - 0x00007ff996f98000 	C:\windows\System32\PSAPI.DLL
0x00007ff991950000 - 0x00007ff991959000 	C:\windows\SYSTEM32\WSOCK32.dll
0x00007ff98a160000 - 0x00007ff98a193000 	C:\windows\SYSTEM32\WINMM.dll
0x00007ff995e20000 - 0x00007ff995e8f000 	C:\windows\System32\WS2_32.dll
0x00007ff98efb0000 - 0x00007ff98efba000 	C:\windows\SYSTEM32\VERSION.dll
0x00007ff993680000 - 0x00007ff993698000 	C:\windows\SYSTEM32\kernel.appcore.dll
0x00007ff991990000 - 0x00007ff9919a0000 	C:\Program Files\Eclipse Adoptium\jdk-11.0.18.10-hotspot\bin\verify.dll
0x00007ff983bd0000 - 0x00007ff983df1000 	C:\windows\SYSTEM32\DBGHELP.DLL
0x00007ff983970000 - 0x00007ff9839a1000 	C:\windows\SYSTEM32\dbgcore.DLL
0x00007ff994630000 - 0x00007ff9946af000 	C:\windows\System32\bcryptPrimitives.dll
0x00007ff97d450000 - 0x00007ff97d478000 	C:\Program Files\Eclipse Adoptium\jdk-11.0.18.10-hotspot\bin\java.dll
0x00007ff9915b0000 - 0x00007ff9915ba000 	C:\Program Files\Eclipse Adoptium\jdk-11.0.18.10-hotspot\bin\jimage.dll
0x00007ff97d230000 - 0x00007ff97d248000 	C:\Program Files\Eclipse Adoptium\jdk-11.0.18.10-hotspot\bin\zip.dll

dbghelp: loaded successfully - version: 4.0.5 - missing functions: none
symbol engine: initialized successfully - sym options: 0x614 - pdb path: .;C:\Program Files\Eclipse Adoptium\jdk-11.0.18.10-hotspot\bin;C:\windows\SYSTEM32;C:\windows\WinSxS\amd64_microsoft.windows.common-controls_6595b64144ccf1df_6.0.22000.120_none_9d947278b86cc467;C:\Program Files\Eclipse Adoptium\jdk-11.0.18.10-hotspot\bin\server

VM Arguments:
jvm_args: -Dfile.encoding=UTF-8 
java_command: day8.Main
java_class_path (initial): C:\Users\Administrator\eclipse-workspace\java_20230130\target\classes;C:\Users\Administrator\.m2\repository\org\mongodb\mongodb-driver-sync\4.2.2\mongodb-driver-sync-4.2.2.jar;C:\Users\Administrator\.m2\repository\org\mongodb\bson\4.2.2\bson-4.2.2.jar;C:\Users\Administrator\.m2\repository\org\mongodb\mongodb-driver-core\4.2.2\mongodb-driver-core-4.2.2.jar;C:\Users\Administrator\.m2\repository\org\slf4j\slf4j-api\1.7.30\slf4j-api-1.7.30.jar;C:\Users\Administrator\.m2\repository\org\projectlombok\lombok\1.18.14\lombok-1.18.14.jar;C:\Users\Administrator\.m2\repository\org\json\json\20220320\json-20220320.jar
Launcher Type: SUN_STANDARD

[Global flags]
     intx CICompilerCount                          = 4                                         {product} {ergonomic}
     uint G1ConcRefinementThreads                  = 8                                         {product} {ergonomic}
   size_t G1HeapRegionSize                         = 1048576                                   {product} {ergonomic}
    uintx GCDrainStackTargetSize                   = 64                                        {product} {ergonomic}
   size_t InitialHeapSize                          = 268435456                                 {product} {ergonomic}
   size_t MaxHeapSize                              = 4284481536                                {product} {ergonomic}
   size_t MinHeapDeltaBytes                        = 1048576                                   {product} {ergonomic}
    uintx NonNMethodCodeHeapSize                   = 5836300                                {pd product} {ergonomic}
    uintx NonProfiledCodeHeapSize                  = 122910970                              {pd product} {ergonomic}
    uintx ProfiledCodeHeapSize                     = 122910970                              {pd product} {ergonomic}
    uintx ReservedCodeCacheSize                    = 251658240                              {pd product} {ergonomic}
     bool SegmentedCodeCache                       = true                                      {product} {ergonomic}
     bool UseCompressedClassPointers               = true                                 {lp64_product} {ergonomic}
     bool UseCompressedOops                        = true                                 {lp64_product} {ergonomic}
     bool UseG1GC                                  = true                                      {product} {ergonomic}
     bool UseLargePagesIndividualAllocation        = false                                  {pd product} {ergonomic}

Logging:
Log output configuration:
 #0: stdout all=warning uptime,level,tags
 #1: stderr all=off uptime,level,tags

Environment Variables:
JAVA_HOME=C:\Program Files\Eclipse Adoptium\jdk-11.0.18.10-hotspot\
PATH=C:/Users/Administrator/.p2/pool/plugins/org.eclipse.justj.openjdk.hotspot.jre.full.win32.x86_64_17.0.6.v20230125-1136/jre/bin/server;C:/Users/Administrator/.p2/pool/plugins/org.eclipse.justj.openjdk.hotspot.jre.full.win32.x86_64_17.0.6.v20230125-1136/jre/bin;C:\Program Files\Eclipse Adoptium\jdk-11.0.18.10-hotspot\bin;C:\Program Files (x86)\Common Files\Oracle\Java\javapath;C:\windows\system32;C:\windows;C:\windows\System32\Wbem;C:\windows\System32\WindowsPowerShell\v1.0\;C:\windows\System32\OpenSSH\;C:\Program Files\Bandizip\;C:\Users\Administrator\AppData\Local\Microsoft\WindowsApps;C:\Users\Administrator\AppData\Local\GitHubDesktop\bin;C:\Users\Administrator\Desktop;
USERNAME=PKNU
OS=Windows_NT
PROCESSOR_IDENTIFIER=Intel64 Family 6 Model 60 Stepping 3, GenuineIntel
TMP=C:\Users\ADMINI~1\AppData\Local\Temp
TEMP=C:\Users\ADMINI~1\AppData\Local\Temp



---------------  S Y S T E M  ---------------

OS: Windows 11 , 64 bit Build 22000 (10.0.22000.1335)
OS uptime: 0 days 7:30 hours

CPU:total 8 (initial active 8) (4 cores per cpu, 2 threads per core) family 6 model 60 stepping 3 microcode 0x28, cmov, cx8, fxsr, mmx, sse, sse2, sse3, ssse3, sse4.1, sse4.2, popcnt, avx, avx2, aes, clmul, erms, lzcnt, ht, tsc, tscinvbit, bmi1, bmi2, fma

Memory: 4k page, system-wide physical 16338M (8195M free)
TotalPageFile size 29006M (AvailPageFile size 5M)
current process WorkingSet (physical memory assigned to process): 9M, peak: 9M
current process commit charge ("private bytes"): 13M, peak: 14M

vm_info: OpenJDK 64-Bit Server VM (11.0.18+10) for windows-amd64 JRE (11.0.18+10), built on Jan 18 2023 04:27:27 by "" with MS VC++ 16.7 (VS2019)

END.
